C51 COMPILER V9.60.7.0   DHT11                                                             01/20/2024 12:50:21 PAGE 1   


C51 COMPILER V9.60.7.0, COMPILATION OF MODULE DHT11
OBJECT MODULE PLACED IN .\Objects\dht11.obj
COMPILER INVOKED BY: D:\Program Files\keil\C51\BIN\C51.EXE dht11.c LARGE ROM(COMPACT) WARNINGLEVEL(0) OPTIMIZE(9,SIZE) B
                    -ROWSE DEBUG OBJECTEXTEND PRINT(.\Listings\dht11.lst) TABS(2) OBJECT(.\Objects\dht11.obj)

line level    source

   1          #include "dht11.h"
   2          //***************延时函数************************************* 
   3          void delay(uchar ms) //延时模块// 
   4          {
   5   1        unsigned char i;
   6   1        while(ms--)
   7   1        for(i=0;i<100;i++);
   8   1      } 
   9          
  10          void delay1()//一个for循环大概需要8个多机器周期Ｒ桓龌器周期为1us【д裎12MHzＲ簿褪撬当竞数延时8us多
             -〈搜邮焙数必须德稍微精确一点 
  11          {
  12   1        uchar i;
  13   1        for(i=0;i<1;i++);
  14   1      }
  15          //*****************************************************************************
  16          
  17          unsigned char data_byte;
  18          unsigned char RH,RL,TH,TL;
  19          
  20          //**************************dht11测试某块*************************************// 
  21          void start()//开始信号 
  22          { 
  23   1        io=1; 
  24   1        delay1(); 
  25   1        io=0; 
  26   1        delay(25);// 主机把总线拉低必须大于18ms１ＶDHT11能检测到起始信号 
  27   1        io=1;    //发送开始信号结束后＠高电平延时20-40us 
  28   1        delay1();//以下三个延时函数差不多为24us７合要求 
  29   1        delay1();
  30   1        delay1();
  31   1      }
  32          
  33          unsigned char dht_11_receive_byte()//接收一个字节// 
  34          { 
  35   1        uchar i,temp;
  36   1        for(i=0;i<8;i++)//接收8bit的数据 
  37   1        { 
  38   2          while(!io);//等待50us的低电平开始信号结束 
  39   2          delay1();//开始信号结束之后Ｑ邮26us-28us∫韵氯个延时函数 
  40   2          delay1(); 
  41   2          delay1(); 
  42   2          temp=0;//时间为26us-28us１硎窘邮盏奈数据'0' 
  43   2          if(io==1) 
  44   2            temp=1; //如果26us-28us之后；刮高电平Ｔ虮硎窘邮盏氖据为'1' 
  45   2          while(io);//等待数据信号高电平'0'为26us-28us'1'为70us 
  46   2          data_byte<<=1;//接收的数据为高位在前∮乙篇 
  47   2          data_byte|=temp; 
  48   2        } 
  49   1        return data_byte; 
  50   1      } 
  51          
  52          
  53          void dht_11_receive()//接收数据// 
C51 COMPILER V9.60.7.0   DHT11                                                             01/20/2024 12:50:21 PAGE 2   

  54          { 
  55   1        uchar T_H,T_L,R_H,R_L,check,num_check,i; 
  56   1        start();//开始信号// 
  57   1        io=1;   //主机设为输入Ｅ卸洗踊DHT11⑾煊π藕 
  58   1        if(!io)//判断从机是否有低电平响应信号// 
  59   1        {  
  60   2          while(!io);//判断从机发出 80us 的低电平响应信号是否结束// 
  61   2          while(io);//判断从机发出 80us 的高电平是否结束Ｈ缃崾则主机进入数据接收状态 
  62   2          
  63   2          R_H=dht_11_receive_byte();;//湿度高位 
  64   2          R_L=dht_11_receive_byte();;//湿度低位 
  65   2          T_H=dht_11_receive_byte();;//温度高位 
  66   2          T_L=dht_11_receive_byte();;//温度低位 
  67   2          
  68   2          check=dht_11_receive_byte();;//校验位 
  69   2          io=0; //当最后一bit数据接完毕后４踊拉低电平50us// 
  70   2          for(i=0;i<7;i++)//差不多50us的延时 
  71   2          delay1(); 
  72   2          io=1;//总线由上拉电阻拉高＝入空闲状态 
  73   2          num_check=R_H+R_L+T_H+T_L; 
  74   2          if(num_check==check)//判断读到的四个数据之和是否与校验位相同 
  75   2          { 
  76   3            RH=R_H; 
  77   3            RL=R_L; 
  78   3            TH=T_H; 
  79   3            TL=T_L; 
  80   3            check=num_check; 
  81   3          }
  82   2        }
  83   1      }
  84          //*****************************************************************************


MODULE INFORMATION:   STATIC OVERLAYABLE
   CODE SIZE        =    170    ----
   CONSTANT SIZE    =   ----    ----
   XDATA SIZE       =      5    ----
   PDATA SIZE       =   ----    ----
   DATA SIZE        =   ----    ----
   IDATA SIZE       =   ----    ----
   BIT SIZE         =   ----    ----
END OF MODULE INFORMATION.


C51 COMPILATION COMPLETE.  0 WARNING(S),  0 ERROR(S)
