C51 COMPILER V9.60.7.0   DISPLAY                                                           01/20/2024 12:50:21 PAGE 1   


C51 COMPILER V9.60.7.0, COMPILATION OF MODULE DISPLAY
OBJECT MODULE PLACED IN .\Objects\display.obj
COMPILER INVOKED BY: D:\Program Files\keil\C51\BIN\C51.EXE display.c LARGE ROM(COMPACT) WARNINGLEVEL(0) OPTIMIZE(9,SIZE)
                    - BROWSE DEBUG OBJECTEXTEND PRINT(.\Listings\display.lst) TABS(2) OBJECT(.\Objects\display.obj)

line level    source

   1          #include "display.h"
   2          #include "oled.h"
   3          
   4          void display_year(unsigned char a,unsigned char flag)//flag为1 时，显示数据，0时对应清除屏幕
   5          {
   6   1        if(flag)
   7   1        {
   8   2        OLED_ShowChar(24, 0, a/10+'0',16);//年  
   9   2        OLED_ShowChar(32, 0, a%10+'0',16);
  10   2        }
  11   1        else
  12   1        {
  13   2        //清除年位
  14   2        OLED_ClearChar(24, 0);
  15   2        } 
  16   1      }
  17          void display_month(unsigned char a,unsigned char flag)
  18          {
  19   1        if(flag)
  20   1        {
  21   2        OLED_ShowChar(56, 0, a/10+'0',16);//月
  22   2        OLED_ShowChar(64, 0, a%10+'0',16);
  23   2        }
  24   1        else
  25   1        {
  26   2        //清除月位
  27   2        OLED_ClearChar(56, 0);
  28   2        }
  29   1      }
  30          void display_day(unsigned char a,unsigned char flag)
  31          {
  32   1        if(flag)
  33   1        {
  34   2        OLED_ShowChar(88, 0, a/10+'0',16);//日
  35   2        OLED_ShowChar(96, 0, a%10+'0',16);
  36   2        }
  37   1        else
  38   1        {
  39   2        //清除日位
  40   2        OLED_ClearChar(88, 0);
  41   2        }
  42   1      }
  43          void display_hour(unsigned char a,unsigned char flag)
  44          {
  45   1        if(flag)
  46   1        {
  47   2        OLED_ShowChar(20, 3, a/10+'0',16);//时
  48   2        OLED_ShowChar(28, 3, a%10+'0',16);
  49   2        }
  50   1        else
  51   1        {
  52   2        //清除时位
  53   2        OLED_ClearChar(20, 3);
  54   2        }
C51 COMPILER V9.60.7.0   DISPLAY                                                           01/20/2024 12:50:21 PAGE 2   

  55   1      }
  56          void display_min(unsigned char a,unsigned char flag)
  57          {
  58   1        if(flag)
  59   1        {
  60   2        OLED_ShowChar(56, 3, a/10+'0',16);//分
  61   2        OLED_ShowChar(64, 3, a%10+'0',16);
  62   2        }
  63   1        else
  64   1        {
  65   2        //清除分位
  66   2        OLED_ClearChar(56, 3);
  67   2        }
  68   1      }
  69          void display_sec(unsigned char a,unsigned char flag)
  70          {
  71   1        if(flag)
  72   1        {
  73   2        OLED_ShowChar(92, 3, a/10+'0',16);//秒
  74   2        OLED_ShowChar(100, 3, a%10+'0',16);
  75   2        }
  76   1        else
  77   1        {
  78   2        //清除秒位
  79   2        OLED_ClearChar(92, 3);
  80   2        }
  81   1      }
  82          
  83          void display_tmp(unsigned char a,unsigned char flag)
  84          {
  85   1        if(flag)
  86   1        {
  87   2        OLED_ShowNum(38,6,a,3,16);//显示温度
  88   2        }
  89   1        else
  90   1        {
  91   2        //清除温度位
  92   2        OLED_ClearChar(38, 6);
  93   2        OLED_ClearChar(46, 6);
  94   2        }
  95   1      }
  96          
  97          void display_shidu(unsigned char a,unsigned char flag)
  98          {
  99   1        if(flag)
 100   1        {
 101   2        OLED_ShowNum(104,6,a,3,16);//显示湿度
 102   2      
 103   2        }
 104   1        else
 105   1        {
 106   2        //清除湿度位
 107   2        OLED_ClearChar(104, 6);
 108   2        OLED_ClearChar(112, 6);
 109   2        }
 110   1      }
 111          void display(unsigned char a,unsigned char flag,unsigned char shift)
 112          {
 113   1        switch(shift)
 114   1        {
 115   2        case 0: display_sec(a,flag); break;
 116   2        case 1: display_min(a,flag);  break;
C51 COMPILER V9.60.7.0   DISPLAY                                                           01/20/2024 12:50:21 PAGE 3   

 117   2        case 2: display_hour(a,flag);  break;
 118   2        case 3: display_day(a,flag);  break;
 119   2        case 4: display_month(a,flag);  break;
 120   2        case 5: display_year(a,flag); break;
 121   2        default : break;
 122   2        }
 123   1      
 124   1      }
 125          
 126          void display2(unsigned char a,unsigned char flag,unsigned char shift)
 127          {
 128   1        switch(shift)
 129   1        {
 130   2        case 0: display_tmp(a,flag); break;
 131   2        case 1: display_shidu(a,flag);  break;
 132   2        default : break;
 133   2        }
 134   1      
 135   1      }


MODULE INFORMATION:   STATIC OVERLAYABLE
   CODE SIZE        =    462    ----
   CONSTANT SIZE    =   ----    ----
   XDATA SIZE       =   ----      10
   PDATA SIZE       =   ----    ----
   DATA SIZE        =   ----    ----
   IDATA SIZE       =   ----    ----
   BIT SIZE         =   ----    ----
END OF MODULE INFORMATION.


C51 COMPILATION COMPLETE.  0 WARNING(S),  0 ERROR(S)
