C51 COMPILER V9.60.7.0   KEY                                                               01/20/2024 12:50:21 PAGE 1   


C51 COMPILER V9.60.7.0, COMPILATION OF MODULE KEY
OBJECT MODULE PLACED IN .\Objects\key.obj
COMPILER INVOKED BY: D:\Program Files\keil\C51\BIN\C51.EXE key.c LARGE ROM(COMPACT) WARNINGLEVEL(0) OPTIMIZE(9,SIZE) BRO
                    -WSE DEBUG OBJECTEXTEND PRINT(.\Listings\key.lst) TABS(2) OBJECT(.\Objects\key.obj)

line level    source

   1          #include "key.h"
   2          #include "oled.h"
   3          unsigned int KEY_Scan(void)
   4          {
   5   1        if(key_run == 0)//run键按下
   6   1          { 
   7   2            while(key_run==0);//等待按键松开
   8   2            delay_ms(5);//延时消抖  
   9   2            return 1;
  10   2          }
  11   1        if(key_shift == 0)//shift键按下
  12   1          { 
  13   2            while(key_shift==0);//等待按键松开
  14   2            delay_ms(5);//延时消抖  
  15   2            return 2;
  16   2          }
  17   1        if(key_beep == 0)//beep键按下
  18   1          { 
  19   2            while(key_beep==0);//等待按键松开
  20   2            delay_ms(5);//延时消抖  
  21   2            return 3;
  22   2          }
  23   1        if(key_up == 0)//up键按下
  24   1          { 
  25   2            while(key_up==0);//等待按键松开
  26   2            delay_ms(5);//延时消抖  
  27   2            return 4;
  28   2          }
  29   1        if(key_down == 0)//down键按下
  30   1          { 
  31   2            while(key_down==0);//等待按键松开
  32   2            delay_ms(5);//延时消抖  
  33   2            return 5;
  34   2          }
  35   1      
  36   1          return 0;
  37   1      }


MODULE INFORMATION:   STATIC OVERLAYABLE
   CODE SIZE        =     94    ----
   CONSTANT SIZE    =   ----    ----
   XDATA SIZE       =   ----    ----
   PDATA SIZE       =   ----    ----
   DATA SIZE        =   ----    ----
   IDATA SIZE       =   ----    ----
   BIT SIZE         =   ----    ----
END OF MODULE INFORMATION.


C51 COMPILATION COMPLETE.  0 WARNING(S),  0 ERROR(S)
